This file contains any messages produced by compilers while
running configure, to aid debugging if configure makes a mistake.

It was created by lizard configure 1.0, which was
generated by GNU Autoconf 2.63.  Invocation command line was

  $ ./configure --prefix /nfs/stak/students/r/rymalc/usr

## --------- ##
## Platform. ##
## --------- ##

<<<<<<< HEAD
<<<<<<< HEAD
hostname = charles-HP-Pavilion-dv6000-RP283UA-ABA
=======
hostname = charles-MS-7758
>>>>>>> c750c5472aa782d47b1dac7284a9f069c6f3e434
=======
hostname = dear111-02.mime.oregonstate.edu
>>>>>>> ee4a50e4e9e2542a1c05e1d4218134fe15dfcc54
uname -m = x86_64
uname -r = 2.6.32-358.23.2.el6.x86_64
uname -s = Linux
uname -v = #1 SMP Sat Sep 14 05:32:37 EDT 2013

/usr/bin/uname -p = unknown
/bin/uname -X     = unknown

/bin/arch              = x86_64
/usr/bin/arch -k       = unknown
/usr/convex/getsysinfo = unknown
/usr/bin/hostinfo      = unknown
/bin/machine           = unknown
/usr/bin/oslevel       = unknown
/bin/universe          = unknown

<<<<<<< HEAD
<<<<<<< HEAD
PATH: /usr/lib/lightdm/lightdm
=======
>>>>>>> c750c5472aa782d47b1dac7284a9f069c6f3e434
PATH: /usr/local/sbin
=======
PATH: /bin
PATH: /sbin
>>>>>>> ee4a50e4e9e2542a1c05e1d4218134fe15dfcc54
PATH: /usr/local/bin
PATH: /usr/bin
PATH: /usr/local/apps/bin
PATH: /usr/bin/X11
PATH: /nfs/stak/students/r/rymalc/bin
PATH: .


## ----------- ##
## Core tests. ##
## ----------- ##

<<<<<<< HEAD
<<<<<<< HEAD
configure:1805: checking for a BSD-compatible install
configure:1873: result: /usr/bin/install -c
configure:1884: checking whether build environment is sane
configure:1934: result: yes
configure:2075: checking for a thread-safe mkdir -p
configure:2114: result: /bin/mkdir -p
configure:2127: checking for gawk
configure:2157: result: no
configure:2127: checking for mawk
configure:2143: found /usr/bin/mawk
configure:2154: result: mawk
configure:2165: checking whether make sets $(MAKE)
configure:2187: result: yes
configure:2325: checking for g++
configure:2341: found /usr/bin/g++
configure:2352: result: g++
configure:2379: checking for C++ compiler version
configure:2388: g++ --version >&5
=======
configure:2190: checking for a BSD-compatible install
configure:2258: result: /usr/bin/install -c
configure:2269: checking whether build environment is sane
configure:2319: result: yes
configure:2460: checking for a thread-safe mkdir -p
configure:2499: result: /bin/mkdir -p
configure:2512: checking for gawk
configure:2542: result: no
configure:2512: checking for mawk
configure:2528: found /usr/bin/mawk
configure:2539: result: mawk
configure:2550: checking whether make sets $(MAKE)
configure:2572: result: yes
configure:2716: checking for g++
configure:2732: found /usr/bin/g++
configure:2743: result: g++
configure:2770: checking for C++ compiler version
configure:2779: g++ --version >&5
>>>>>>> c750c5472aa782d47b1dac7284a9f069c6f3e434
g++ (Ubuntu/Linaro 4.6.3-1ubuntu5) 4.6.3
Copyright (C) 2011 Free Software Foundation, Inc.
This is free software; see the source for copying conditions.  There is NO
warranty; not even for MERCHANTABILITY or FITNESS FOR A PARTICULAR PURPOSE.

<<<<<<< HEAD
configure:2399: $? = 0
configure:2388: g++ -v >&5
=======
configure:2790: $? = 0
configure:2779: g++ -v >&5
>>>>>>> c750c5472aa782d47b1dac7284a9f069c6f3e434
=======
configure:1884: checking for a BSD-compatible install
configure:1952: result: /usr/bin/install -c
configure:1963: checking whether build environment is sane
configure:2023: result: yes
configure:2164: checking for a thread-safe mkdir -p
configure:2203: result: /bin/mkdir -p
configure:2216: checking for gawk
configure:2232: found /bin/gawk
configure:2243: result: gawk
configure:2254: checking whether make sets $(MAKE)
configure:2276: result: yes
configure:2422: checking for g++
configure:2438: found /usr/bin/g++
configure:2449: result: g++
configure:2476: checking for C++ compiler version
configure:2484: g++ --version >&5
g++ (GCC) 4.4.7 20120313 (Red Hat 4.4.7-4)
Copyright (C) 2010 Free Software Foundation, Inc.
This is free software; see the source for copying conditions.  There is NO
warranty; not even for MERCHANTABILITY or FITNESS FOR A PARTICULAR PURPOSE.

configure:2488: $? = 0
configure:2495: g++ -v >&5
>>>>>>> ee4a50e4e9e2542a1c05e1d4218134fe15dfcc54
Using built-in specs.
Target: x86_64-redhat-linux
Configured with: ../configure --prefix=/usr --mandir=/usr/share/man --infodir=/usr/share/info --with-bugurl=http://bugzilla.redhat.com/bugzilla --enable-bootstrap --enable-shared --enable-threads=posix --enable-checking=release --with-system-zlib --enable-__cxa_atexit --disable-libunwind-exceptions --enable-gnu-unique-object --enable-languages=c,c++,objc,obj-c++,java,fortran,ada --enable-java-awt=gtk --disable-dssi --with-java-home=/usr/lib/jvm/java-1.5.0-gcj-1.5.0.0/jre --enable-libgcj-multifile --enable-java-maintainer-mode --with-ecj-jar=/usr/share/java/eclipse-ecj.jar --disable-libjava-multilib --with-ppl --with-cloog --with-tune=generic --with-arch_32=i686 --build=x86_64-redhat-linux
Thread model: posix
<<<<<<< HEAD
gcc version 4.6.3 (Ubuntu/Linaro 4.6.3-1ubuntu5) 
<<<<<<< HEAD
configure:2399: $? = 0
configure:2388: g++ -V >&5
g++: error: unrecognized option '-V'
g++: fatal error: no input files
compilation terminated.
configure:2399: $? = 4
configure:2388: g++ -qversion >&5
g++: error: unrecognized option '-qversion'
g++: fatal error: no input files
compilation terminated.
configure:2399: $? = 4
configure:2419: checking whether the C++ compiler works
configure:2441: g++    conftest.cpp  >&5
configure:2445: $? = 0
configure:2493: result: yes
configure:2496: checking for C++ compiler default output file name
configure:2498: result: a.out
configure:2504: checking for suffix of executables
configure:2511: g++ -o conftest    conftest.cpp  >&5
configure:2515: $? = 0
configure:2537: result: 
configure:2559: checking whether we are cross compiling
configure:2567: g++ -o conftest    conftest.cpp  >&5
configure:2571: $? = 0
configure:2578: ./conftest
configure:2582: $? = 0
configure:2597: result: no
configure:2602: checking for suffix of object files
configure:2624: g++ -c   conftest.cpp >&5
configure:2628: $? = 0
configure:2649: result: o
configure:2653: checking whether we are using the GNU C++ compiler
configure:2672: g++ -c   conftest.cpp >&5
configure:2672: $? = 0
configure:2681: result: yes
configure:2690: checking whether g++ accepts -g
configure:2710: g++ -c -g  conftest.cpp >&5
configure:2710: $? = 0
configure:2751: result: yes
configure:2785: checking for style of include used by make
configure:2813: result: GNU
configure:2839: checking dependency style of g++
configure:2950: result: gcc3
configure:3099: creating ./config.status
=======
configure:2790: $? = 0
configure:2779: g++ -V >&5
g++: error: unrecognized option '-V'
g++: fatal error: no input files
compilation terminated.
configure:2790: $? = 4
configure:2779: g++ -qversion >&5
g++: error: unrecognized option '-qversion'
g++: fatal error: no input files
compilation terminated.
configure:2790: $? = 4
configure:2810: checking whether the C++ compiler works
configure:2832: g++    conftest.cpp  >&5
configure:2836: $? = 0
configure:2884: result: yes
configure:2887: checking for C++ compiler default output file name
configure:2889: result: a.out
configure:2895: checking for suffix of executables
configure:2902: g++ -o conftest    conftest.cpp  >&5
configure:2906: $? = 0
configure:2928: result: 
configure:2950: checking whether we are cross compiling
configure:2958: g++ -o conftest    conftest.cpp  >&5
configure:2962: $? = 0
configure:2969: ./conftest
configure:2973: $? = 0
configure:2988: result: no
configure:2993: checking for suffix of object files
configure:3015: g++ -c   conftest.cpp >&5
configure:3019: $? = 0
configure:3040: result: o
configure:3044: checking whether we are using the GNU C++ compiler
configure:3063: g++ -c   conftest.cpp >&5
configure:3063: $? = 0
configure:3072: result: yes
configure:3081: checking whether g++ accepts -g
configure:3101: g++ -c -g  conftest.cpp >&5
configure:3101: $? = 0
configure:3142: result: yes
configure:3176: checking for style of include used by make
configure:3204: result: GNU
configure:3230: checking dependency style of g++
configure:3341: result: gcc3
configure:3406: checking for gcc
configure:3422: found /usr/bin/gcc
configure:3433: result: gcc
configure:3662: checking for C compiler version
configure:3671: gcc --version >&5
gcc (Ubuntu/Linaro 4.6.3-1ubuntu5) 4.6.3
Copyright (C) 2011 Free Software Foundation, Inc.
=======
gcc version 4.4.7 20120313 (Red Hat 4.4.7-4) (GCC) 
configure:2499: $? = 0
configure:2506: g++ -V >&5
g++: '-V' option must have argument
configure:2510: $? = 1
configure:2533: checking for C++ compiler default output file name
configure:2555: g++    conftest.cpp  >&5
configure:2559: $? = 0
configure:2597: result: a.out
configure:2616: checking whether the C++ compiler works
configure:2626: ./a.out
configure:2630: $? = 0
configure:2649: result: yes
configure:2656: checking whether we are cross compiling
configure:2658: result: no
configure:2661: checking for suffix of executables
configure:2668: g++ -o conftest    conftest.cpp  >&5
configure:2672: $? = 0
configure:2698: result: 
configure:2704: checking for suffix of object files
configure:2730: g++ -c   conftest.cpp >&5
configure:2734: $? = 0
configure:2759: result: o
configure:2763: checking whether we are using the GNU C++ compiler
configure:2792: g++ -c   conftest.cpp >&5
configure:2799: $? = 0
configure:2816: result: yes
configure:2825: checking whether g++ accepts -g
configure:2855: g++ -c -g  conftest.cpp >&5
configure:2862: $? = 0
configure:2963: result: yes
configure:2997: checking for style of include used by make
configure:3025: result: GNU
configure:3050: checking dependency style of g++
configure:3160: result: gcc3
configure:3225: checking for gcc
configure:3241: found /usr/bin/gcc
configure:3252: result: gcc
configure:3484: checking for C compiler version
configure:3492: gcc --version >&5
gcc (GCC) 4.4.7 20120313 (Red Hat 4.4.7-4)
Copyright (C) 2010 Free Software Foundation, Inc.
>>>>>>> ee4a50e4e9e2542a1c05e1d4218134fe15dfcc54
This is free software; see the source for copying conditions.  There is NO
warranty; not even for MERCHANTABILITY or FITNESS FOR A PARTICULAR PURPOSE.

configure:3496: $? = 0
configure:3503: gcc -v >&5
Using built-in specs.
Target: x86_64-redhat-linux
Configured with: ../configure --prefix=/usr --mandir=/usr/share/man --infodir=/usr/share/info --with-bugurl=http://bugzilla.redhat.com/bugzilla --enable-bootstrap --enable-shared --enable-threads=posix --enable-checking=release --with-system-zlib --enable-__cxa_atexit --disable-libunwind-exceptions --enable-gnu-unique-object --enable-languages=c,c++,objc,obj-c++,java,fortran,ada --enable-java-awt=gtk --disable-dssi --with-java-home=/usr/lib/jvm/java-1.5.0-gcj-1.5.0.0/jre --enable-libgcj-multifile --enable-java-maintainer-mode --with-ecj-jar=/usr/share/java/eclipse-ecj.jar --disable-libjava-multilib --with-ppl --with-cloog --with-tune=generic --with-arch_32=i686 --build=x86_64-redhat-linux
Thread model: posix
gcc version 4.4.7 20120313 (Red Hat 4.4.7-4) (GCC) 
configure:3507: $? = 0
configure:3514: gcc -V >&5
gcc: '-V' option must have argument
configure:3518: $? = 1
configure:3521: checking whether we are using the GNU C compiler
configure:3550: gcc -c   conftest.c >&5
configure:3557: $? = 0
configure:3574: result: yes
configure:3583: checking whether gcc accepts -g
configure:3613: gcc -c -g  conftest.c >&5
configure:3620: $? = 0
configure:3721: result: yes
configure:3738: checking for gcc option to accept ISO C89
configure:3812: gcc  -c -g -O2  conftest.c >&5
configure:3819: $? = 0
configure:3842: result: none needed
configure:3862: checking dependency style of gcc
configure:3972: result: gcc3
configure:3993: checking how to run the C preprocessor
configure:4033: gcc -E  conftest.c
configure:4040: $? = 0
configure:4071: gcc -E  conftest.c
conftest.c:10:28: error: ac_nonexistent.h: No such file or directory
configure:4078: $? = 1
configure: failed program was:
| /* confdefs.h.  */
| #define PACKAGE_NAME "lizard"
| #define PACKAGE_TARNAME "lizard"
| #define PACKAGE_VERSION "1.0"
| #define PACKAGE_STRING "lizard 1.0"
| #define PACKAGE_BUGREPORT "charlesrymal@gmail.com"
| #define PACKAGE "lizard"
| #define VERSION "1.0"
| /* end confdefs.h.  */
| #include <ac_nonexistent.h>
configure:4111: result: gcc -E
configure:4140: gcc -E  conftest.c
configure:4147: $? = 0
configure:4178: gcc -E  conftest.c
conftest.c:10:28: error: ac_nonexistent.h: No such file or directory
configure:4185: $? = 1
configure: failed program was:
| /* confdefs.h.  */
| #define PACKAGE_NAME "lizard"
| #define PACKAGE_TARNAME "lizard"
| #define PACKAGE_VERSION "1.0"
| #define PACKAGE_STRING "lizard 1.0"
| #define PACKAGE_BUGREPORT "charlesrymal@gmail.com"
| #define PACKAGE "lizard"
| #define VERSION "1.0"
| /* end confdefs.h.  */
| #include <ac_nonexistent.h>
configure:4225: checking for grep that handles long lines and -e
configure:4285: result: /bin/grep
configure:4290: checking for egrep
configure:4354: result: /bin/grep -E
configure:4359: checking for ANSI C header files
configure:4389: gcc -c -g -O2  conftest.c >&5
configure:4396: $? = 0
configure:4495: gcc -o conftest -g -O2   conftest.c  >&5
configure:4499: $? = 0
configure:4505: ./conftest
configure:4509: $? = 0
configure:4527: result: yes
configure:4551: checking for sys/types.h
configure:4572: gcc -c -g -O2  conftest.c >&5
configure:4579: $? = 0
configure:4596: result: yes
configure:4551: checking for sys/stat.h
configure:4572: gcc -c -g -O2  conftest.c >&5
configure:4579: $? = 0
configure:4596: result: yes
configure:4551: checking for stdlib.h
configure:4572: gcc -c -g -O2  conftest.c >&5
configure:4579: $? = 0
configure:4596: result: yes
configure:4551: checking for string.h
configure:4572: gcc -c -g -O2  conftest.c >&5
configure:4579: $? = 0
configure:4596: result: yes
configure:4551: checking for memory.h
configure:4572: gcc -c -g -O2  conftest.c >&5
configure:4579: $? = 0
configure:4596: result: yes
configure:4551: checking for strings.h
configure:4572: gcc -c -g -O2  conftest.c >&5
configure:4579: $? = 0
configure:4596: result: yes
configure:4551: checking for inttypes.h
configure:4572: gcc -c -g -O2  conftest.c >&5
configure:4579: $? = 0
configure:4596: result: yes
configure:4551: checking for stdint.h
configure:4572: gcc -c -g -O2  conftest.c >&5
configure:4579: $? = 0
configure:4596: result: yes
configure:4551: checking for unistd.h
configure:4572: gcc -c -g -O2  conftest.c >&5
configure:4579: $? = 0
configure:4596: result: yes
configure:4610: checking for stdbool.h that conforms to C99
configure:4705: gcc -c -g -O2  conftest.c >&5
configure:4712: $? = 0
configure:4727: result: yes
configure:4729: checking for _Bool
configure:4757: gcc -c -g -O2  conftest.c >&5
configure:4764: $? = 0
configure:4791: gcc -c -g -O2  conftest.c >&5
conftest.c: In function 'main':
conftest.c:56: error: expected expression before ')' token
configure:4798: $? = 1
configure: failed program was:
| /* confdefs.h.  */
| #define PACKAGE_NAME "lizard"
| #define PACKAGE_TARNAME "lizard"
| #define PACKAGE_VERSION "1.0"
| #define PACKAGE_STRING "lizard 1.0"
| #define PACKAGE_BUGREPORT "charlesrymal@gmail.com"
| #define PACKAGE "lizard"
| #define VERSION "1.0"
| #define STDC_HEADERS 1
| #define HAVE_SYS_TYPES_H 1
| #define HAVE_SYS_STAT_H 1
| #define HAVE_STDLIB_H 1
| #define HAVE_STRING_H 1
| #define HAVE_MEMORY_H 1
| #define HAVE_STRINGS_H 1
| #define HAVE_INTTYPES_H 1
| #define HAVE_STDINT_H 1
| #define HAVE_UNISTD_H 1
| /* end confdefs.h.  */
| #include <stdio.h>
| #ifdef HAVE_SYS_TYPES_H
| # include <sys/types.h>
| #endif
| #ifdef HAVE_SYS_STAT_H
| # include <sys/stat.h>
| #endif
| #ifdef STDC_HEADERS
| # include <stdlib.h>
| # include <stddef.h>
| #else
| # ifdef HAVE_STDLIB_H
| #  include <stdlib.h>
| # endif
| #endif
| #ifdef HAVE_STRING_H
| # if !defined STDC_HEADERS && defined HAVE_MEMORY_H
| #  include <memory.h>
| # endif
| # include <string.h>
| #endif
| #ifdef HAVE_STRINGS_H
| # include <strings.h>
| #endif
| #ifdef HAVE_INTTYPES_H
| # include <inttypes.h>
| #endif
| #ifdef HAVE_STDINT_H
| # include <stdint.h>
| #endif
| #ifdef HAVE_UNISTD_H
| # include <unistd.h>
| #endif
| int
| main ()
| {
| if (sizeof ((_Bool)))
| 	  return 0;
|   ;
|   return 0;
| }
configure:4821: result: yes
configure:4840: checking for inline
configure:4866: gcc -c -g -O2  conftest.c >&5
configure:4873: $? = 0
configure:4891: result: inline
configure:4910: checking for size_t
configure:4938: gcc -c -g -O2  conftest.c >&5
configure:4945: $? = 0
configure:4972: gcc -c -g -O2  conftest.c >&5
conftest.c: In function 'main':
conftest.c:58: error: expected expression before ')' token
configure:4979: $? = 1
configure: failed program was:
| /* confdefs.h.  */
| #define PACKAGE_NAME "lizard"
| #define PACKAGE_TARNAME "lizard"
| #define PACKAGE_VERSION "1.0"
| #define PACKAGE_STRING "lizard 1.0"
| #define PACKAGE_BUGREPORT "charlesrymal@gmail.com"
| #define PACKAGE "lizard"
| #define VERSION "1.0"
| #define STDC_HEADERS 1
| #define HAVE_SYS_TYPES_H 1
| #define HAVE_SYS_STAT_H 1
| #define HAVE_STDLIB_H 1
| #define HAVE_STRING_H 1
| #define HAVE_MEMORY_H 1
| #define HAVE_STRINGS_H 1
| #define HAVE_INTTYPES_H 1
| #define HAVE_STDINT_H 1
| #define HAVE_UNISTD_H 1
| #define HAVE__BOOL 1
| #define HAVE_STDBOOL_H 1
| /* end confdefs.h.  */
| #include <stdio.h>
| #ifdef HAVE_SYS_TYPES_H
| # include <sys/types.h>
| #endif
| #ifdef HAVE_SYS_STAT_H
| # include <sys/stat.h>
| #endif
| #ifdef STDC_HEADERS
| # include <stdlib.h>
| # include <stddef.h>
| #else
| # ifdef HAVE_STDLIB_H
| #  include <stdlib.h>
| # endif
| #endif
| #ifdef HAVE_STRING_H
| # if !defined STDC_HEADERS && defined HAVE_MEMORY_H
| #  include <memory.h>
| # endif
| # include <string.h>
| #endif
| #ifdef HAVE_STRINGS_H
| # include <strings.h>
| #endif
| #ifdef HAVE_INTTYPES_H
| # include <inttypes.h>
| #endif
| #ifdef HAVE_STDINT_H
| # include <stdint.h>
| #endif
| #ifdef HAVE_UNISTD_H
| # include <unistd.h>
| #endif
| int
| main ()
| {
| if (sizeof ((size_t)))
| 	  return 0;
|   ;
|   return 0;
| }
configure:5002: result: yes
configure:5033: checking how to run the C++ preprocessor
configure:5069: g++ -E  conftest.cpp
configure:5076: $? = 0
configure:5107: g++ -E  conftest.cpp
conftest.cpp:22:28: error: ac_nonexistent.h: No such file or directory
configure:5114: $? = 1
configure: failed program was:
| /* confdefs.h.  */
| #define PACKAGE_NAME "lizard"
| #define PACKAGE_TARNAME "lizard"
| #define PACKAGE_VERSION "1.0"
| #define PACKAGE_STRING "lizard 1.0"
| #define PACKAGE_BUGREPORT "charlesrymal@gmail.com"
| #define PACKAGE "lizard"
| #define VERSION "1.0"
| #define STDC_HEADERS 1
| #define HAVE_SYS_TYPES_H 1
| #define HAVE_SYS_STAT_H 1
| #define HAVE_STDLIB_H 1
| #define HAVE_STRING_H 1
| #define HAVE_MEMORY_H 1
| #define HAVE_STRINGS_H 1
| #define HAVE_INTTYPES_H 1
| #define HAVE_STDINT_H 1
| #define HAVE_UNISTD_H 1
| #define HAVE__BOOL 1
| #define HAVE_STDBOOL_H 1
| /* end confdefs.h.  */
| #include <ac_nonexistent.h>
configure:5147: result: g++ -E
configure:5176: g++ -E  conftest.cpp
configure:5183: $? = 0
configure:5214: g++ -E  conftest.cpp
conftest.cpp:22:28: error: ac_nonexistent.h: No such file or directory
configure:5221: $? = 1
configure: failed program was:
| /* confdefs.h.  */
| #define PACKAGE_NAME "lizard"
| #define PACKAGE_TARNAME "lizard"
| #define PACKAGE_VERSION "1.0"
| #define PACKAGE_STRING "lizard 1.0"
| #define PACKAGE_BUGREPORT "charlesrymal@gmail.com"
| #define PACKAGE "lizard"
| #define VERSION "1.0"
| #define STDC_HEADERS 1
| #define HAVE_SYS_TYPES_H 1
| #define HAVE_SYS_STAT_H 1
| #define HAVE_STDLIB_H 1
| #define HAVE_STRING_H 1
| #define HAVE_MEMORY_H 1
| #define HAVE_STRINGS_H 1
| #define HAVE_INTTYPES_H 1
| #define HAVE_STDINT_H 1
| #define HAVE_UNISTD_H 1
| #define HAVE__BOOL 1
| #define HAVE_STDBOOL_H 1
| /* end confdefs.h.  */
| #include <ac_nonexistent.h>
configure:5271: checking cstdint usability
configure:5288: g++ -c -g -O2  conftest.cpp >&5
In file included from /usr/lib/gcc/x86_64-redhat-linux/4.4.7/../../../../include/c++/4.4.7/cstdint:35,
                 from conftest.cpp:55:
/usr/lib/gcc/x86_64-redhat-linux/4.4.7/../../../../include/c++/4.4.7/c++0x_warning.h:31:2: error: #error This file requires compiler and library support for the upcoming ISO C++ standard, C++0x. This support is currently experimental, and must be enabled with the -std=c++0x or -std=gnu++0x compiler options.
configure:5295: $? = 1
configure: failed program was:
| /* confdefs.h.  */
| #define PACKAGE_NAME "lizard"
| #define PACKAGE_TARNAME "lizard"
| #define PACKAGE_VERSION "1.0"
| #define PACKAGE_STRING "lizard 1.0"
| #define PACKAGE_BUGREPORT "charlesrymal@gmail.com"
| #define PACKAGE "lizard"
| #define VERSION "1.0"
| #define STDC_HEADERS 1
| #define HAVE_SYS_TYPES_H 1
| #define HAVE_SYS_STAT_H 1
| #define HAVE_STDLIB_H 1
| #define HAVE_STRING_H 1
| #define HAVE_MEMORY_H 1
| #define HAVE_STRINGS_H 1
| #define HAVE_INTTYPES_H 1
| #define HAVE_STDINT_H 1
| #define HAVE_UNISTD_H 1
| #define HAVE__BOOL 1
| #define HAVE_STDBOOL_H 1
| /* end confdefs.h.  */
| #include <stdio.h>
| #ifdef HAVE_SYS_TYPES_H
| # include <sys/types.h>
| #endif
| #ifdef HAVE_SYS_STAT_H
| # include <sys/stat.h>
| #endif
| #ifdef STDC_HEADERS
| # include <stdlib.h>
| # include <stddef.h>
| #else
| # ifdef HAVE_STDLIB_H
| #  include <stdlib.h>
| # endif
| #endif
| #ifdef HAVE_STRING_H
| # if !defined STDC_HEADERS && defined HAVE_MEMORY_H
| #  include <memory.h>
| # endif
| # include <string.h>
| #endif
| #ifdef HAVE_STRINGS_H
| # include <strings.h>
| #endif
| #ifdef HAVE_INTTYPES_H
| # include <inttypes.h>
| #endif
| #ifdef HAVE_STDINT_H
| # include <stdint.h>
| #endif
| #ifdef HAVE_UNISTD_H
| # include <unistd.h>
| #endif
| #include <cstdint>
configure:5309: result: no
configure:5313: checking cstdint presence
configure:5328: g++ -E  conftest.cpp
In file included from /usr/lib/gcc/x86_64-redhat-linux/4.4.7/../../../../include/c++/4.4.7/cstdint:35,
                 from conftest.cpp:22:
/usr/lib/gcc/x86_64-redhat-linux/4.4.7/../../../../include/c++/4.4.7/c++0x_warning.h:31:2: error: #error This file requires compiler and library support for the upcoming ISO C++ standard, C++0x. This support is currently experimental, and must be enabled with the -std=c++0x or -std=gnu++0x compiler options.
configure:5335: $? = 1
configure: failed program was:
| /* confdefs.h.  */
| #define PACKAGE_NAME "lizard"
| #define PACKAGE_TARNAME "lizard"
| #define PACKAGE_VERSION "1.0"
| #define PACKAGE_STRING "lizard 1.0"
| #define PACKAGE_BUGREPORT "charlesrymal@gmail.com"
| #define PACKAGE "lizard"
| #define VERSION "1.0"
| #define STDC_HEADERS 1
| #define HAVE_SYS_TYPES_H 1
| #define HAVE_SYS_STAT_H 1
| #define HAVE_STDLIB_H 1
| #define HAVE_STRING_H 1
| #define HAVE_MEMORY_H 1
| #define HAVE_STRINGS_H 1
| #define HAVE_INTTYPES_H 1
| #define HAVE_STDINT_H 1
| #define HAVE_UNISTD_H 1
| #define HAVE__BOOL 1
| #define HAVE_STDBOOL_H 1
| /* end confdefs.h.  */
| #include <cstdint>
<<<<<<< HEAD
configure:4717: result: no
configure:4717: checking for cstdint
configure:4717: result: no
configure:4861: creating ./config.status
>>>>>>> c750c5472aa782d47b1dac7284a9f069c6f3e434
=======
configure:5349: result: no
configure:5382: checking for cstdint
configure:5389: result: no
configure:5530: creating ./config.status
>>>>>>> ee4a50e4e9e2542a1c05e1d4218134fe15dfcc54

## ---------------------- ##
## Running config.status. ##
## ---------------------- ##

This file was extended by lizard config.status 1.0, which was
generated by GNU Autoconf 2.63.  Invocation command line was

  CONFIG_FILES    = 
  CONFIG_HEADERS  = 
  CONFIG_LINKS    = 
  CONFIG_COMMANDS = 
  $ ./config.status 

<<<<<<< HEAD
<<<<<<< HEAD
on charles-HP-Pavilion-dv6000-RP283UA-ABA

config.status:848: creating Makefile
config.status:848: creating src/Makefile
config.status:848: creating config.h
config.status:1077: executing depfiles commands
=======
on charles-MS-7758

config.status:870: creating Makefile
config.status:870: creating src/Makefile
config.status:870: creating config.h
config.status:1099: executing depfiles commands
>>>>>>> c750c5472aa782d47b1dac7284a9f069c6f3e434
=======
on dear111-02.mime.oregonstate.edu

config.status:781: creating Makefile
config.status:781: creating src/Makefile
config.status:781: creating config.h
config.status:1055: executing depfiles commands
>>>>>>> ee4a50e4e9e2542a1c05e1d4218134fe15dfcc54

## ---------------- ##
## Cache variables. ##
## ---------------- ##

<<<<<<< HEAD
ac_cv_cxx_compiler_gnu=yes
ac_cv_env_CCC_set=
ac_cv_env_CCC_value=
ac_cv_env_CPPFLAGS_set=
ac_cv_env_CPPFLAGS_value=
=======
ac_cv_c_compiler_gnu=yes
ac_cv_c_inline=inline
ac_cv_cxx_compiler_gnu=yes
ac_cv_env_CCC_set=
ac_cv_env_CCC_value=
ac_cv_env_CC_set=
ac_cv_env_CC_value=
ac_cv_env_CFLAGS_set=
ac_cv_env_CFLAGS_value=
ac_cv_env_CPPFLAGS_set=
ac_cv_env_CPPFLAGS_value=
ac_cv_env_CPP_set=
ac_cv_env_CPP_value=
ac_cv_env_CXXCPP_set=
ac_cv_env_CXXCPP_value=
>>>>>>> c750c5472aa782d47b1dac7284a9f069c6f3e434
ac_cv_env_CXXFLAGS_set=
ac_cv_env_CXXFLAGS_value=
ac_cv_env_CXX_set=
ac_cv_env_CXX_value=
ac_cv_env_LDFLAGS_set=
ac_cv_env_LDFLAGS_value=
ac_cv_env_LIBS_set=
ac_cv_env_LIBS_value=
ac_cv_env_build_alias_set=
ac_cv_env_build_alias_value=
ac_cv_env_host_alias_set=
ac_cv_env_host_alias_value=
ac_cv_env_target_alias_set=
ac_cv_env_target_alias_value=
<<<<<<< HEAD
ac_cv_objext=o
ac_cv_path_install='/usr/bin/install -c'
ac_cv_path_mkdir=/bin/mkdir
ac_cv_prog_AWK=mawk
ac_cv_prog_ac_ct_CXX=g++
ac_cv_prog_cxx_g=yes
ac_cv_prog_make_make_set=yes
=======
ac_cv_header_cstdint=no
ac_cv_header_inttypes_h=yes
ac_cv_header_memory_h=yes
ac_cv_header_stdbool_h=yes
ac_cv_header_stdc=yes
ac_cv_header_stdint_h=yes
ac_cv_header_stdlib_h=yes
ac_cv_header_string_h=yes
ac_cv_header_strings_h=yes
ac_cv_header_sys_stat_h=yes
ac_cv_header_sys_types_h=yes
ac_cv_header_unistd_h=yes
ac_cv_objext=o
ac_cv_path_EGREP='/bin/grep -E'
ac_cv_path_GREP=/bin/grep
ac_cv_path_install='/usr/bin/install -c'
ac_cv_path_mkdir=/bin/mkdir
ac_cv_prog_AWK=gawk
ac_cv_prog_CPP='gcc -E'
ac_cv_prog_CXXCPP='g++ -E'
ac_cv_prog_ac_ct_CC=gcc
ac_cv_prog_ac_ct_CXX=g++
ac_cv_prog_cc_c89=
ac_cv_prog_cc_g=yes
ac_cv_prog_cxx_g=yes
ac_cv_prog_make_make_set=yes
ac_cv_type__Bool=yes
ac_cv_type_size_t=yes
am_cv_CC_dependencies_compiler_type=gcc3
>>>>>>> c750c5472aa782d47b1dac7284a9f069c6f3e434
am_cv_CXX_dependencies_compiler_type=gcc3

## ----------------- ##
## Output variables. ##
## ----------------- ##

ACLOCAL='${SHELL} /nfs/stak/students/r/rymalc/Programming/C++/c-samples/lizard/missing --run aclocal-1.11'
AMDEPBACKSLASH='\'
AMDEP_FALSE='#'
AMDEP_TRUE=''
<<<<<<< HEAD
AMTAR='$${TAR-tar}'
AUTOCONF='${SHELL} /home/charles/Programming/C++/c-samples/lizard/missing --run autoconf'
AUTOHEADER='${SHELL} /home/charles/Programming/C++/c-samples/lizard/missing --run autoheader'
AUTOMAKE='${SHELL} /home/charles/Programming/C++/c-samples/lizard/missing --run automake-1.11'
AWK='mawk'
<<<<<<< HEAD
CPPFLAGS=''
CXX='g++'
CXXDEPMODE='depmode=gcc3'
CXXFLAGS='-g -O2'
=======
=======
AMTAR='${SHELL} /nfs/stak/students/r/rymalc/Programming/C++/c-samples/lizard/missing --run tar'
AUTOCONF='${SHELL} /nfs/stak/students/r/rymalc/Programming/C++/c-samples/lizard/missing --run autoconf'
AUTOHEADER='${SHELL} /nfs/stak/students/r/rymalc/Programming/C++/c-samples/lizard/missing --run autoheader'
AUTOMAKE='${SHELL} /nfs/stak/students/r/rymalc/Programming/C++/c-samples/lizard/missing --run automake-1.11'
AWK='gawk'
>>>>>>> ee4a50e4e9e2542a1c05e1d4218134fe15dfcc54
CC='gcc'
CCDEPMODE='depmode=gcc3'
CFLAGS='-g -O2'
CPP='gcc -E'
CPPFLAGS=''
CXX='g++'
CXXCPP='g++ -E'
CXXDEPMODE='depmode=gcc3'
CXXFLAGS='-Wall -std=gnu++0x'
>>>>>>> c750c5472aa782d47b1dac7284a9f069c6f3e434
CYGPATH_W='echo'
DEFS='-DHAVE_CONFIG_H'
DEPDIR='.deps'
ECHO_C=''
ECHO_N='-n'
ECHO_T=''
<<<<<<< HEAD
EXEEXT=''
=======
EGREP='/bin/grep -E'
EXEEXT=''
GREP='/bin/grep'
>>>>>>> c750c5472aa782d47b1dac7284a9f069c6f3e434
INSTALL_DATA='${INSTALL} -m 644'
INSTALL_PROGRAM='${INSTALL}'
INSTALL_SCRIPT='${INSTALL}'
INSTALL_STRIP_PROGRAM='$(install_sh) -c -s'
LDFLAGS=''
LIBOBJS=''
LIBS=''
LTLIBOBJS=''
MAKEINFO='${SHELL} /nfs/stak/students/r/rymalc/Programming/C++/c-samples/lizard/missing --run makeinfo'
MKDIR_P='/bin/mkdir -p'
OBJEXT='o'
PACKAGE='lizard'
PACKAGE_BUGREPORT='charlesrymal@gmail.com'
PACKAGE_NAME='lizard'
PACKAGE_STRING='lizard 1.0'
PACKAGE_TARNAME='lizard'
PACKAGE_VERSION='1.0'
PATH_SEPARATOR=':'
SET_MAKE=''
SHELL='/bin/sh'
STRIP=''
VERSION='1.0'
<<<<<<< HEAD
ac_ct_CXX='g++'
am__EXEEXT_FALSE=''
am__EXEEXT_TRUE='#'
=======
ac_ct_CC='gcc'
ac_ct_CXX='g++'
am__EXEEXT_FALSE=''
am__EXEEXT_TRUE='#'
am__fastdepCC_FALSE='#'
am__fastdepCC_TRUE=''
>>>>>>> c750c5472aa782d47b1dac7284a9f069c6f3e434
am__fastdepCXX_FALSE='#'
am__fastdepCXX_TRUE=''
am__include='include'
am__isrc=''
am__leading_dot='.'
am__quote=''
am__tar='${AMTAR} chof - "$$tardir"'
am__untar='${AMTAR} xf -'
bindir='${exec_prefix}/bin'
build_alias=''
datadir='${datarootdir}'
datarootdir='${prefix}/share'
docdir='${datarootdir}/doc/${PACKAGE_TARNAME}'
dvidir='${docdir}'
exec_prefix='${prefix}'
host_alias=''
htmldir='${docdir}'
includedir='${prefix}/include'
infodir='${datarootdir}/info'
install_sh='${SHELL} /nfs/stak/students/r/rymalc/Programming/C++/c-samples/lizard/install-sh'
libdir='${exec_prefix}/lib'
libexecdir='${exec_prefix}/libexec'
localedir='${datarootdir}/locale'
localstatedir='${prefix}/var'
mandir='${datarootdir}/man'
mkdir_p='/bin/mkdir -p'
oldincludedir='/usr/include'
pdfdir='${docdir}'
prefix='/nfs/stak/students/r/rymalc/usr'
program_transform_name='s,x,x,'
psdir='${docdir}'
sbindir='${exec_prefix}/sbin'
sharedstatedir='${prefix}/com'
sysconfdir='${prefix}/etc'
target_alias=''

## ----------- ##
## confdefs.h. ##
## ----------- ##

#define PACKAGE_NAME "lizard"
#define PACKAGE_TARNAME "lizard"
#define PACKAGE_VERSION "1.0"
#define PACKAGE_STRING "lizard 1.0"
#define PACKAGE_BUGREPORT "charlesrymal@gmail.com"
#define PACKAGE "lizard"
#define VERSION "1.0"
<<<<<<< HEAD

configure: exit 0
=======
#define STDC_HEADERS 1
#define HAVE_SYS_TYPES_H 1
#define HAVE_SYS_STAT_H 1
#define HAVE_STDLIB_H 1
#define HAVE_STRING_H 1
#define HAVE_MEMORY_H 1
#define HAVE_STRINGS_H 1
#define HAVE_INTTYPES_H 1
#define HAVE_STDINT_H 1
#define HAVE_UNISTD_H 1
#define HAVE__BOOL 1
#define HAVE_STDBOOL_H 1

configure: exit 0

## ---------------------- ##
## Running config.status. ##
## ---------------------- ##

This file was extended by lizard config.status 1.0, which was
generated by GNU Autoconf 2.63.  Invocation command line was

  CONFIG_FILES    = 
  CONFIG_HEADERS  = 
  CONFIG_LINKS    = 
  CONFIG_COMMANDS = 
  $ ./config.status config.h

on dear111-02.mime.oregonstate.edu

<<<<<<< HEAD
config.status:870: creating src/Makefile
config.status:1099: executing depfiles commands
>>>>>>> c750c5472aa782d47b1dac7284a9f069c6f3e434
=======
config.status:781: creating config.h
config.status:1003: config.h is unchanged
>>>>>>> ee4a50e4e9e2542a1c05e1d4218134fe15dfcc54
