This file contains any messages produced by compilers while
running configure, to aid debugging if configure makes a mistake.

It was created by demo configure 1.0, which was
generated by GNU Autoconf 2.63.  Invocation command line was

  $ ./configure --prefix /nfs/stak/students/r/rymalc/usr

## --------- ##
## Platform. ##
## --------- ##

hostname = dear111-02.mime.oregonstate.edu
uname -m = x86_64
uname -r = 2.6.32-358.23.2.el6.x86_64
uname -s = Linux
uname -v = #1 SMP Sat Sep 14 05:32:37 EDT 2013

/usr/bin/uname -p = unknown
/bin/uname -X     = unknown

/bin/arch              = x86_64
/usr/bin/arch -k       = unknown
/usr/convex/getsysinfo = unknown
/usr/bin/hostinfo      = unknown
/bin/machine           = unknown
/usr/bin/oslevel       = unknown
/bin/universe          = unknown

PATH: /bin
PATH: /sbin
PATH: /usr/local/bin
PATH: /usr/bin
PATH: /usr/local/apps/bin
PATH: /usr/bin/X11
PATH: /nfs/stak/students/r/rymalc/bin
PATH: .


## ----------- ##
## Core tests. ##
## ----------- ##

configure:1830: checking for a BSD-compatible install
configure:1898: result: /usr/bin/install -c
configure:1909: checking whether build environment is sane
configure:1969: result: yes
configure:2110: checking for a thread-safe mkdir -p
configure:2149: result: /bin/mkdir -p
configure:2162: checking for gawk
configure:2178: found /bin/gawk
configure:2189: result: gawk
configure:2200: checking whether make sets $(MAKE)
configure:2222: result: yes
configure:2362: checking for g++
configure:2378: found /usr/bin/g++
configure:2389: result: g++
configure:2416: checking for C++ compiler version
configure:2424: g++ --version >&5
g++ (GCC) 4.4.7 20120313 (Red Hat 4.4.7-4)
Copyright (C) 2010 Free Software Foundation, Inc.
This is free software; see the source for copying conditions.  There is NO
warranty; not even for MERCHANTABILITY or FITNESS FOR A PARTICULAR PURPOSE.

configure:2428: $? = 0
configure:2435: g++ -v >&5
Using built-in specs.
Target: x86_64-redhat-linux
Configured with: ../configure --prefix=/usr --mandir=/usr/share/man --infodir=/usr/share/info --with-bugurl=http://bugzilla.redhat.com/bugzilla --enable-bootstrap --enable-shared --enable-threads=posix --enable-checking=release --with-system-zlib --enable-__cxa_atexit --disable-libunwind-exceptions --enable-gnu-unique-object --enable-languages=c,c++,objc,obj-c++,java,fortran,ada --enable-java-awt=gtk --disable-dssi --with-java-home=/usr/lib/jvm/java-1.5.0-gcj-1.5.0.0/jre --enable-libgcj-multifile --enable-java-maintainer-mode --with-ecj-jar=/usr/share/java/eclipse-ecj.jar --disable-libjava-multilib --with-ppl --with-cloog --with-tune=generic --with-arch_32=i686 --build=x86_64-redhat-linux
Thread model: posix
gcc version 4.4.7 20120313 (Red Hat 4.4.7-4) (GCC) 
configure:2439: $? = 0
configure:2446: g++ -V >&5
g++: '-V' option must have argument
configure:2450: $? = 1
configure:2473: checking for C++ compiler default output file name
configure:2495: g++    conftest.cpp  >&5
configure:2499: $? = 0
configure:2537: result: a.out
configure:2556: checking whether the C++ compiler works
configure:2566: ./a.out
configure:2570: $? = 0
configure:2589: result: yes
configure:2596: checking whether we are cross compiling
configure:2598: result: no
configure:2601: checking for suffix of executables
configure:2608: g++ -o conftest    conftest.cpp  >&5
configure:2612: $? = 0
configure:2638: result: 
configure:2644: checking for suffix of object files
configure:2670: g++ -c   conftest.cpp >&5
configure:2674: $? = 0
configure:2699: result: o
configure:2703: checking whether we are using the GNU C++ compiler
configure:2732: g++ -c   conftest.cpp >&5
configure:2739: $? = 0
configure:2756: result: yes
configure:2765: checking whether g++ accepts -g
configure:2795: g++ -c -g  conftest.cpp >&5
configure:2802: $? = 0
configure:2903: result: yes
configure:2937: checking for style of include used by make
configure:2965: result: GNU
configure:2990: checking dependency style of g++
configure:3100: result: gcc3
configure:3243: creating ./config.status

## ---------------------- ##
## Running config.status. ##
## ---------------------- ##

This file was extended by demo config.status 1.0, which was
generated by GNU Autoconf 2.63.  Invocation command line was

  CONFIG_FILES    = 
  CONFIG_HEADERS  = 
  CONFIG_LINKS    = 
  CONFIG_COMMANDS = 
  $ ./config.status 

on dear111-02.mime.oregonstate.edu

config.status:759: creating Makefile
config.status:759: creating src/Makefile
config.status:759: creating config.h
config.status:1033: executing depfiles commands

## ---------------- ##
## Cache variables. ##
## ---------------- ##

ac_cv_cxx_compiler_gnu=yes
ac_cv_env_CCC_set=
ac_cv_env_CCC_value=
ac_cv_env_CPPFLAGS_set=
ac_cv_env_CPPFLAGS_value=
ac_cv_env_CXXFLAGS_set=
ac_cv_env_CXXFLAGS_value=
ac_cv_env_CXX_set=
ac_cv_env_CXX_value=
ac_cv_env_LDFLAGS_set=
ac_cv_env_LDFLAGS_value=
ac_cv_env_LIBS_set=
ac_cv_env_LIBS_value=
ac_cv_env_build_alias_set=
ac_cv_env_build_alias_value=
ac_cv_env_host_alias_set=
ac_cv_env_host_alias_value=
ac_cv_env_target_alias_set=
ac_cv_env_target_alias_value=
ac_cv_objext=o
ac_cv_path_install='/usr/bin/install -c'
ac_cv_path_mkdir=/bin/mkdir
ac_cv_prog_AWK=gawk
ac_cv_prog_ac_ct_CXX=g++
ac_cv_prog_cxx_g=yes
ac_cv_prog_make_make_set=yes
am_cv_CXX_dependencies_compiler_type=gcc3

## ----------------- ##
## Output variables. ##
## ----------------- ##

ACLOCAL='${SHELL} /nfs/stak/students/r/rymalc/Programming/C++/c-samples/demo-1/missing --run aclocal-1.11'
AMDEPBACKSLASH='\'
AMDEP_FALSE='#'
AMDEP_TRUE=''
AMTAR='${SHELL} /nfs/stak/students/r/rymalc/Programming/C++/c-samples/demo-1/missing --run tar'
AUTOCONF='${SHELL} /nfs/stak/students/r/rymalc/Programming/C++/c-samples/demo-1/missing --run autoconf'
AUTOHEADER='${SHELL} /nfs/stak/students/r/rymalc/Programming/C++/c-samples/demo-1/missing --run autoheader'
AUTOMAKE='${SHELL} /nfs/stak/students/r/rymalc/Programming/C++/c-samples/demo-1/missing --run automake-1.11'
AWK='gawk'
CPPFLAGS=''
CXX='g++'
CXXDEPMODE='depmode=gcc3'
CXXFLAGS='-g -O2'
CYGPATH_W='echo'
DEFS='-DHAVE_CONFIG_H'
DEPDIR='.deps'
ECHO_C=''
ECHO_N='-n'
ECHO_T=''
EXEEXT=''
INSTALL_DATA='${INSTALL} -m 644'
INSTALL_PROGRAM='${INSTALL}'
INSTALL_SCRIPT='${INSTALL}'
INSTALL_STRIP_PROGRAM='$(install_sh) -c -s'
LDFLAGS=''
LIBOBJS=''
LIBS=''
LTLIBOBJS=''
MAKEINFO='${SHELL} /nfs/stak/students/r/rymalc/Programming/C++/c-samples/demo-1/missing --run makeinfo'
MKDIR_P='/bin/mkdir -p'
OBJEXT='o'
PACKAGE='demo'
PACKAGE_BUGREPORT='charlesrymal@gmail.com'
PACKAGE_NAME='demo'
PACKAGE_STRING='demo 1.0'
PACKAGE_TARNAME='demo'
PACKAGE_VERSION='1.0'
PATH_SEPARATOR=':'
SET_MAKE=''
SHELL='/bin/sh'
STRIP=''
VERSION='1.0'
ac_ct_CXX='g++'
am__EXEEXT_FALSE=''
am__EXEEXT_TRUE='#'
am__fastdepCXX_FALSE='#'
am__fastdepCXX_TRUE=''
am__include='include'
am__isrc=''
am__leading_dot='.'
am__quote=''
am__tar='${AMTAR} chof - "$$tardir"'
am__untar='${AMTAR} xf -'
bindir='${exec_prefix}/bin'
build_alias=''
datadir='${datarootdir}'
datarootdir='${prefix}/share'
docdir='${datarootdir}/doc/${PACKAGE_TARNAME}'
dvidir='${docdir}'
exec_prefix='${prefix}'
host_alias=''
htmldir='${docdir}'
includedir='${prefix}/include'
infodir='${datarootdir}/info'
install_sh='${SHELL} /nfs/stak/students/r/rymalc/Programming/C++/c-samples/demo-1/install-sh'
libdir='${exec_prefix}/lib'
libexecdir='${exec_prefix}/libexec'
localedir='${datarootdir}/locale'
localstatedir='${prefix}/var'
mandir='${datarootdir}/man'
mkdir_p='/bin/mkdir -p'
oldincludedir='/usr/include'
pdfdir='${docdir}'
prefix='/nfs/stak/students/r/rymalc/usr'
program_transform_name='s,x,x,'
psdir='${docdir}'
sbindir='${exec_prefix}/sbin'
sharedstatedir='${prefix}/com'
sysconfdir='${prefix}/etc'
target_alias=''

## ----------- ##
## confdefs.h. ##
## ----------- ##

#define PACKAGE_NAME "demo"
#define PACKAGE_TARNAME "demo"
#define PACKAGE_VERSION "1.0"
#define PACKAGE_STRING "demo 1.0"
#define PACKAGE_BUGREPORT "charlesrymal@gmail.com"
#define PACKAGE "demo"
#define VERSION "1.0"

configure: exit 0

## ---------------------- ##
## Running config.status. ##
## ---------------------- ##

This file was extended by demo config.status 1.0, which was
generated by GNU Autoconf 2.63.  Invocation command line was

  CONFIG_FILES    = 
  CONFIG_HEADERS  = 
  CONFIG_LINKS    = 
  CONFIG_COMMANDS = 
  $ ./config.status src/Makefile depfiles

on dear111-02.mime.oregonstate.edu

config.status:759: creating src/Makefile
config.status:1033: executing depfiles commands

## ---------------------- ##
## Running config.status. ##
## ---------------------- ##

This file was extended by demo config.status 1.0, which was
generated by GNU Autoconf 2.63.  Invocation command line was

  CONFIG_FILES    = 
  CONFIG_HEADERS  = 
  CONFIG_LINKS    = 
  CONFIG_COMMANDS = 
  $ ./config.status src/Makefile depfiles

on dear111-02.mime.oregonstate.edu

config.status:759: creating src/Makefile
config.status:1033: executing depfiles commands

## ---------------------- ##
## Running config.status. ##
## ---------------------- ##

This file was extended by demo config.status 1.0, which was
generated by GNU Autoconf 2.63.  Invocation command line was

  CONFIG_FILES    = 
  CONFIG_HEADERS  = 
  CONFIG_LINKS    = 
  CONFIG_COMMANDS = 
  $ ./config.status src/Makefile depfiles

on dear111-02.mime.oregonstate.edu

config.status:759: creating src/Makefile
config.status:1033: executing depfiles commands

## ---------------------- ##
## Running config.status. ##
## ---------------------- ##

This file was extended by demo config.status 1.0, which was
generated by GNU Autoconf 2.63.  Invocation command line was

  CONFIG_FILES    = 
  CONFIG_HEADERS  = 
  CONFIG_LINKS    = 
  CONFIG_COMMANDS = 
  $ ./config.status src/Makefile depfiles

on dear111-02.mime.oregonstate.edu

config.status:759: creating src/Makefile
config.status:1033: executing depfiles commands

## ---------------------- ##
## Running config.status. ##
## ---------------------- ##

This file was extended by demo config.status 1.0, which was
generated by GNU Autoconf 2.63.  Invocation command line was

  CONFIG_FILES    = 
  CONFIG_HEADERS  = 
  CONFIG_LINKS    = 
  CONFIG_COMMANDS = 
  $ ./config.status src/Makefile depfiles

on dear111-02.mime.oregonstate.edu

config.status:759: creating src/Makefile
config.status:1033: executing depfiles commands

## ---------------------- ##
## Running config.status. ##
## ---------------------- ##

This file was extended by demo config.status 1.0, which was
generated by GNU Autoconf 2.63.  Invocation command line was

  CONFIG_FILES    = 
  CONFIG_HEADERS  = 
  CONFIG_LINKS    = 
  CONFIG_COMMANDS = 
  $ ./config.status src/Makefile depfiles

on dear111-02.mime.oregonstate.edu

config.status:759: creating src/Makefile
config.status:1033: executing depfiles commands
